{"synthetic": false,
 "schemaVersion": "2025-09-10",
 "outputs":
 {"o": ["ba880da880992038.olean"],
  "i": "29a97dba5626dbe6.ilean",
  "c": "8b1471c6c4c89f9e.c"},
 "log":
 [{"message":
   ".> LEAN_PATH=C:\\Users\\matts\\Documents\\GitHub\\Substrate\\Verification\\lean4\\SubstrateTheory\\.lake\\packages\\Cli\\.lake\\build\\lib\\lean;C:\\Users\\matts\\Documents\\GitHub\\Substrate\\Verification\\lean4\\SubstrateTheory\\.lake\\packages\\batteries\\.lake\\build\\lib\\lean;C:\\Users\\matts\\Documents\\GitHub\\Substrate\\Verification\\lean4\\SubstrateTheory\\.lake\\packages\\Qq\\.lake\\build\\lib\\lean;C:\\Users\\matts\\Documents\\GitHub\\Substrate\\Verification\\lean4\\SubstrateTheory\\.lake\\packages\\aesop\\.lake\\build\\lib\\lean;C:\\Users\\matts\\Documents\\GitHub\\Substrate\\Verification\\lean4\\SubstrateTheory\\.lake\\packages\\proofwidgets\\.lake\\build\\lib\\lean;C:\\Users\\matts\\Documents\\GitHub\\Substrate\\Verification\\lean4\\SubstrateTheory\\.lake\\packages\\importGraph\\.lake\\build\\lib\\lean;C:\\Users\\matts\\Documents\\GitHub\\Substrate\\Verification\\lean4\\SubstrateTheory\\.lake\\packages\\LeanSearchClient\\.lake\\build\\lib\\lean;C:\\Users\\matts\\Documents\\GitHub\\Substrate\\Verification\\lean4\\SubstrateTheory\\.lake\\packages\\plausible\\.lake\\build\\lib\\lean;C:\\Users\\matts\\Documents\\GitHub\\Substrate\\Verification\\lean4\\SubstrateTheory\\.lake\\packages\\mathlib\\.lake\\build\\lib\\lean;C:\\Users\\matts\\Documents\\GitHub\\Substrate\\Verification\\lean4\\SubstrateTheory\\.lake\\build\\lib\\lean c:\\Users\\matts\\.elan\\toolchains\\leanprover--lean4---v4.25.0-rc2\\bin\\lean.exe C:\\Users\\matts\\Documents\\GitHub\\Substrate\\Verification\\lean4\\SubstrateTheory\\SubstrateTheory\\Physics\\Generations.lean -o C:\\Users\\matts\\Documents\\GitHub\\Substrate\\Verification\\lean4\\SubstrateTheory\\.lake\\build\\lib\\lean\\SubstrateTheory\\Physics\\Generations.olean -i C:\\Users\\matts\\Documents\\GitHub\\Substrate\\Verification\\lean4\\SubstrateTheory\\.lake\\build\\lib\\lean\\SubstrateTheory\\Physics\\Generations.ilean -c C:\\Users\\matts\\Documents\\GitHub\\Substrate\\Verification\\lean4\\SubstrateTheory\\.lake\\build\\ir\\SubstrateTheory\\Physics\\Generations.c --setup C:\\Users\\matts\\Documents\\GitHub\\Substrate\\Verification\\lean4\\SubstrateTheory\\.lake\\build\\ir\\SubstrateTheory\\Physics\\Generations.setup.json --json",
   "level": "trace"}],
 "inputs":
 [["SubstrateTheory.Physics.Generations:deps",
   [["deps",
     [["SubstrateTheory/SubstrateTheory:extraDep",
       [["@SubstrateTheory:extraDep", "00000000000006bb"]]],
      ["imports",
       [["SubstrateTheory.Core.Types transitive imports (legacy)",
         "7d109f2ae402b4e6"],
        ["SubstrateTheory.Core.Types:importAllArts", "98fdf06af43affb4"],
        ["SubstrateTheory.Core.Parameters transitive imports (legacy)",
         "16553c67c895e32c"],
        ["SubstrateTheory.Core.Parameters:importAllArts", "d9a2a8334c3864c3"],
        ["SubstrateTheory.Core.Grounding transitive imports (legacy)",
         "7a824aca36865269"],
        ["SubstrateTheory.Core.Grounding:importAllArts", "8fd3030be19ee03f"],
        ["Mathlib.Data.Real.Basic transitive imports (legacy)",
         "14782b623b95e6ee"],
        ["Mathlib.Data.Real.Basic:importAllArts", "d94a8c86272d2e03"],
        ["Mathlib.Data.Finset.Basic transitive imports (legacy)",
         "f5ce86d9a1f78df2"],
        ["Mathlib.Data.Finset.Basic:importAllArts", "f01d4eea62196b65"]]]]],
    ["libs",
     [["import dynlibs", "00000000000006bb"],
      ["package external libraries", "00000000000006bb"],
      ["module dynlibs", "00000000000006bb"],
      ["module plugins", "00000000000006bb"]]]]],
  ["Lean 4.25.0, commit 744f98064b056ee27fc8c97f524797c8cc96f436",
   "4bbac11c6209e48b"],
  ["C:\\Users\\matts\\Documents\\GitHub\\Substrate\\Verification\\lean4\\SubstrateTheory\\SubstrateTheory\\Physics\\Generations.lean",
   "4fd6489a5f820880"],
  ["options", "00000000000006bb"],
  ["Module.leanArgs: #[]", "00000000000006bb"]],
 "depHash": "986fcd6a342eb387"}