{"synthetic": false,
 "schemaVersion": "2025-09-10",
 "outputs":
 {"o": ["3e51381a4d15b4fa.olean"],
  "i": "9eb0bacba1cd1ac7.ilean",
  "c": "8258d2c5dbe08a64.c"},
 "log":
 [{"message":
   ".> LEAN_PATH=C:\\Users\\matts\\Documents\\GitHub\\Substrate\\Verification\\lean4\\SubstrateTheory\\.lake\\packages\\Cli\\.lake\\build\\lib\\lean;C:\\Users\\matts\\Documents\\GitHub\\Substrate\\Verification\\lean4\\SubstrateTheory\\.lake\\packages\\batteries\\.lake\\build\\lib\\lean;C:\\Users\\matts\\Documents\\GitHub\\Substrate\\Verification\\lean4\\SubstrateTheory\\.lake\\packages\\Qq\\.lake\\build\\lib\\lean;C:\\Users\\matts\\Documents\\GitHub\\Substrate\\Verification\\lean4\\SubstrateTheory\\.lake\\packages\\aesop\\.lake\\build\\lib\\lean;C:\\Users\\matts\\Documents\\GitHub\\Substrate\\Verification\\lean4\\SubstrateTheory\\.lake\\packages\\proofwidgets\\.lake\\build\\lib\\lean;C:\\Users\\matts\\Documents\\GitHub\\Substrate\\Verification\\lean4\\SubstrateTheory\\.lake\\packages\\importGraph\\.lake\\build\\lib\\lean;C:\\Users\\matts\\Documents\\GitHub\\Substrate\\Verification\\lean4\\SubstrateTheory\\.lake\\packages\\LeanSearchClient\\.lake\\build\\lib\\lean;C:\\Users\\matts\\Documents\\GitHub\\Substrate\\Verification\\lean4\\SubstrateTheory\\.lake\\packages\\plausible\\.lake\\build\\lib\\lean;C:\\Users\\matts\\Documents\\GitHub\\Substrate\\Verification\\lean4\\SubstrateTheory\\.lake\\packages\\mathlib\\.lake\\build\\lib\\lean;C:\\Users\\matts\\Documents\\GitHub\\Substrate\\Verification\\lean4\\SubstrateTheory\\.lake\\build\\lib\\lean c:\\Users\\matts\\.elan\\toolchains\\leanprover--lean4---v4.25.0-rc2\\bin\\lean.exe C:\\Users\\matts\\Documents\\GitHub\\Substrate\\Verification\\lean4\\SubstrateTheory\\SubstrateTheory\\CA\\Mechanistic.lean -o C:\\Users\\matts\\Documents\\GitHub\\Substrate\\Verification\\lean4\\SubstrateTheory\\.lake\\build\\lib\\lean\\SubstrateTheory\\CA\\Mechanistic.olean -i C:\\Users\\matts\\Documents\\GitHub\\Substrate\\Verification\\lean4\\SubstrateTheory\\.lake\\build\\lib\\lean\\SubstrateTheory\\CA\\Mechanistic.ilean -c C:\\Users\\matts\\Documents\\GitHub\\Substrate\\Verification\\lean4\\SubstrateTheory\\.lake\\build\\ir\\SubstrateTheory\\CA\\Mechanistic.c --setup C:\\Users\\matts\\Documents\\GitHub\\Substrate\\Verification\\lean4\\SubstrateTheory\\.lake\\build\\ir\\SubstrateTheory\\CA\\Mechanistic.setup.json --json",
   "level": "trace"},
  {"message":
   "SubstrateTheory/CA/Mechanistic.lean:16:25: unused variable `s1`\n\nNote: This linter can be disabled with `set_option linter.unusedVariables false`",
   "level": "warning"},
  {"message":
   "SubstrateTheory/CA/Mechanistic.lean:39:20: This simp argument is unused:\n  F\n\nHint: Omit it from the simp argument list.\n  simp [R_Cohesion, F̵,̵ ̵merge]\n\nNote: This linter can be disabled with `set_option linter.unusedSimpArgs false`",
   "level": "warning"}],
 "inputs":
 [["SubstrateTheory.CA.Mechanistic:deps",
   [["deps",
     [["SubstrateTheory/SubstrateTheory:extraDep",
       [["@SubstrateTheory:extraDep", "00000000000006bb"]]],
      ["imports",
       [["SubstrateTheory.Core.Types transitive imports (legacy)",
         "7d109f2ae402b4e6"],
        ["SubstrateTheory.Core.Types:importAllArts", "49943bae36da2dc9"],
        ["SubstrateTheory.Core.Parameters transitive imports (legacy)",
         "7f06df6c2988bd60"],
        ["SubstrateTheory.Core.Parameters:importAllArts", "4f597ce82f5db99d"],
        ["SubstrateTheory.Core.Axioms transitive imports (legacy)",
         "0c36369544298455"],
        ["SubstrateTheory.Core.Axioms:importAllArts", "92e6ed5510a3575d"],
        ["Mathlib.Data.List.Basic transitive imports (legacy)",
         "10bd61c5123e3067"],
        ["Mathlib.Data.List.Basic:importAllArts", "7f5bb98ffd3196c5"],
        ["SubstrateTheory.Operational.KLZ.Core transitive imports (legacy)",
         "9dbe38efb70a9a67"],
        ["SubstrateTheory.Operational.KLZ.Core:importAllArts",
         "6b1482f6735d409c"],
        ["SubstrateTheory.Operational.KLZ.TimeArrow transitive imports (legacy)",
         "7601efa781996dca"],
        ["SubstrateTheory.Operational.KLZ.TimeArrow:importAllArts",
         "3f3fd05002017a67"]]]]],
    ["libs",
     [["import dynlibs", "00000000000006bb"],
      ["package external libraries", "00000000000006bb"],
      ["module dynlibs", "00000000000006bb"],
      ["module plugins", "00000000000006bb"]]]]],
  ["Lean 4.25.0, commit 744f98064b056ee27fc8c97f524797c8cc96f436",
   "4bbac11c6209e48b"],
  ["C:\\Users\\matts\\Documents\\GitHub\\Substrate\\Verification\\lean4\\SubstrateTheory\\SubstrateTheory\\CA\\Mechanistic.lean",
   "766b3115f29d6cba"],
  ["options", "00000000000006bb"],
  ["Module.leanArgs: #[]", "00000000000006bb"]],
 "depHash": "aae11a14c531d825"}