{"synthetic": false,
 "schemaVersion": "2025-09-10",
 "outputs":
 {"o": ["6c804f1a105393ba.olean"],
  "i": "8dee0701992e4f91.ilean",
  "c": "cd85ab210e7fa673.c"},
 "log":
 [{"message":
   ".> LEAN_PATH=C:\\Users\\matts\\Documents\\GitHub\\Substrate\\Verification\\lean4\\SubstrateTheory\\.lake\\packages\\Cli\\.lake\\build\\lib\\lean;C:\\Users\\matts\\Documents\\GitHub\\Substrate\\Verification\\lean4\\SubstrateTheory\\.lake\\packages\\batteries\\.lake\\build\\lib\\lean;C:\\Users\\matts\\Documents\\GitHub\\Substrate\\Verification\\lean4\\SubstrateTheory\\.lake\\packages\\Qq\\.lake\\build\\lib\\lean;C:\\Users\\matts\\Documents\\GitHub\\Substrate\\Verification\\lean4\\SubstrateTheory\\.lake\\packages\\aesop\\.lake\\build\\lib\\lean;C:\\Users\\matts\\Documents\\GitHub\\Substrate\\Verification\\lean4\\SubstrateTheory\\.lake\\packages\\proofwidgets\\.lake\\build\\lib\\lean;C:\\Users\\matts\\Documents\\GitHub\\Substrate\\Verification\\lean4\\SubstrateTheory\\.lake\\packages\\importGraph\\.lake\\build\\lib\\lean;C:\\Users\\matts\\Documents\\GitHub\\Substrate\\Verification\\lean4\\SubstrateTheory\\.lake\\packages\\LeanSearchClient\\.lake\\build\\lib\\lean;C:\\Users\\matts\\Documents\\GitHub\\Substrate\\Verification\\lean4\\SubstrateTheory\\.lake\\packages\\plausible\\.lake\\build\\lib\\lean;C:\\Users\\matts\\Documents\\GitHub\\Substrate\\Verification\\lean4\\SubstrateTheory\\.lake\\packages\\mathlib\\.lake\\build\\lib\\lean;C:\\Users\\matts\\Documents\\GitHub\\Substrate\\Verification\\lean4\\SubstrateTheory\\.lake\\build\\lib\\lean c:\\Users\\matts\\.elan\\toolchains\\leanprover--lean4---v4.25.0-rc2\\bin\\lean.exe C:\\Users\\matts\\Documents\\GitHub\\Substrate\\Verification\\lean4\\SubstrateTheory\\SubstrateTheory\\CA\\TimeArrow_Proofs.lean -o C:\\Users\\matts\\Documents\\GitHub\\Substrate\\Verification\\lean4\\SubstrateTheory\\.lake\\build\\lib\\lean\\SubstrateTheory\\CA\\TimeArrow_Proofs.olean -i C:\\Users\\matts\\Documents\\GitHub\\Substrate\\Verification\\lean4\\SubstrateTheory\\.lake\\build\\lib\\lean\\SubstrateTheory\\CA\\TimeArrow_Proofs.ilean -c C:\\Users\\matts\\Documents\\GitHub\\Substrate\\Verification\\lean4\\SubstrateTheory\\.lake\\build\\ir\\SubstrateTheory\\CA\\TimeArrow_Proofs.c --setup C:\\Users\\matts\\Documents\\GitHub\\Substrate\\Verification\\lean4\\SubstrateTheory\\.lake\\build\\ir\\SubstrateTheory\\CA\\TimeArrow_Proofs.setup.json --json",
   "level": "trace"}],
 "inputs":
 [["SubstrateTheory.CA.TimeArrow_Proofs:deps",
   [["deps",
     [["SubstrateTheory/SubstrateTheory:extraDep",
       [["@SubstrateTheory:extraDep", "00000000000006bb"]]],
      ["imports",
       [["SubstrateTheory.Core.Types transitive imports (legacy)",
         "7b37c484dc4b66ab"],
        ["SubstrateTheory.Core.Types:importAllArts", "98fdf06af43affb4"],
        ["SubstrateTheory.Core.Parameters transitive imports (legacy)",
         "77acf34dd829894f"],
        ["SubstrateTheory.Core.Parameters:importAllArts", "d9a2a8334c3864c3"],
        ["SubstrateTheory.Core.Axioms transitive imports (legacy)",
         "3ce3f785bf2ddaf6"],
        ["SubstrateTheory.Core.Axioms:importAllArts", "ed2ecd65ae85f0c7"],
        ["SubstrateTheory.Operational.KLZ.Core transitive imports (legacy)",
         "639077fbfdc92c1e"],
        ["SubstrateTheory.Operational.KLZ.Core:importAllArts",
         "1d5b7b739d51a271"],
        ["SubstrateTheory.Operational.KLZ.TimeArrow transitive imports (legacy)",
         "0670e362ea65d755"],
        ["SubstrateTheory.Operational.KLZ.TimeArrow:importAllArts",
         "9d97b082f4a15a15"]]]]],
    ["libs",
     [["import dynlibs", "00000000000006bb"],
      ["package external libraries", "00000000000006bb"],
      ["module dynlibs", "00000000000006bb"],
      ["module plugins", "00000000000006bb"]]]]],
  ["Lean 4.25.0, commit 744f98064b056ee27fc8c97f524797c8cc96f436",
   "4bbac11c6209e48b"],
  ["C:\\Users\\matts\\Documents\\GitHub\\Substrate\\Verification\\lean4\\SubstrateTheory\\SubstrateTheory\\CA\\TimeArrow_Proofs.lean",
   "abe14f1c77da4c99"],
  ["options", "00000000000006bb"],
  ["Module.leanArgs: #[]", "00000000000006bb"]],
 "depHash": "b0b489ce475df8e2"}