{"synthetic": false,
 "schemaVersion": "2025-09-10",
 "outputs":
 {"o": ["86d4c863ceeaf63e.olean"],
  "i": "3b6a33bed6303ab5.ilean",
  "c": "8b4f9b5741d25389.c"},
 "log":
 [{"message":
   ".> LEAN_PATH=C:\\Users\\matts\\Documents\\GitHub\\Substrate\\Verification\\lean4\\SubstrateTheory\\.lake\\packages\\Cli\\.lake\\build\\lib\\lean;C:\\Users\\matts\\Documents\\GitHub\\Substrate\\Verification\\lean4\\SubstrateTheory\\.lake\\packages\\batteries\\.lake\\build\\lib\\lean;C:\\Users\\matts\\Documents\\GitHub\\Substrate\\Verification\\lean4\\SubstrateTheory\\.lake\\packages\\Qq\\.lake\\build\\lib\\lean;C:\\Users\\matts\\Documents\\GitHub\\Substrate\\Verification\\lean4\\SubstrateTheory\\.lake\\packages\\aesop\\.lake\\build\\lib\\lean;C:\\Users\\matts\\Documents\\GitHub\\Substrate\\Verification\\lean4\\SubstrateTheory\\.lake\\packages\\proofwidgets\\.lake\\build\\lib\\lean;C:\\Users\\matts\\Documents\\GitHub\\Substrate\\Verification\\lean4\\SubstrateTheory\\.lake\\packages\\importGraph\\.lake\\build\\lib\\lean;C:\\Users\\matts\\Documents\\GitHub\\Substrate\\Verification\\lean4\\SubstrateTheory\\.lake\\packages\\LeanSearchClient\\.lake\\build\\lib\\lean;C:\\Users\\matts\\Documents\\GitHub\\Substrate\\Verification\\lean4\\SubstrateTheory\\.lake\\packages\\plausible\\.lake\\build\\lib\\lean;C:\\Users\\matts\\Documents\\GitHub\\Substrate\\Verification\\lean4\\SubstrateTheory\\.lake\\packages\\mathlib\\.lake\\build\\lib\\lean;C:\\Users\\matts\\Documents\\GitHub\\Substrate\\Verification\\lean4\\SubstrateTheory\\.lake\\build\\lib\\lean c:\\Users\\matts\\.elan\\toolchains\\leanprover--lean4---v4.25.0-rc2\\bin\\lean.exe C:\\Users\\matts\\Documents\\GitHub\\Substrate\\Verification\\lean4\\SubstrateTheory\\SubstrateTheory\\Core\\Grounding.lean -o C:\\Users\\matts\\Documents\\GitHub\\Substrate\\Verification\\lean4\\SubstrateTheory\\.lake\\build\\lib\\lean\\SubstrateTheory\\Core\\Grounding.olean -i C:\\Users\\matts\\Documents\\GitHub\\Substrate\\Verification\\lean4\\SubstrateTheory\\.lake\\build\\lib\\lean\\SubstrateTheory\\Core\\Grounding.ilean -c C:\\Users\\matts\\Documents\\GitHub\\Substrate\\Verification\\lean4\\SubstrateTheory\\.lake\\build\\ir\\SubstrateTheory\\Core\\Grounding.c --setup C:\\Users\\matts\\Documents\\GitHub\\Substrate\\Verification\\lean4\\SubstrateTheory\\.lake\\build\\ir\\SubstrateTheory\\Core\\Grounding.setup.json --json",
   "level": "trace"},
  {"message":
   "SubstrateTheory/Core/Grounding.lean:66:0: automatically included section variable(s) unused in theorem `SubstrateTheory.Core.card_lt_of_subset_ne`:\n  [DecidableEq α]\nconsider restructuring your `variable` declarations so that the variables are not in scope or explicitly omit them:\n  omit [DecidableEq α] in theorem ...\n\nNote: This linter can be disabled with `set_option linter.unusedSectionVars false`",
   "level": "warning"}],
 "inputs":
 [["SubstrateTheory.Core.Grounding:deps",
   [["deps",
     [["SubstrateTheory/SubstrateTheory:extraDep",
       [["@SubstrateTheory:extraDep", "00000000000006bb"]]],
      ["imports",
       [["SubstrateTheory.Core.Types transitive imports (legacy)",
         "7d109f2ae402b4e6"],
        ["SubstrateTheory.Core.Types:importAllArts", "49943bae36da2dc9"],
        ["SubstrateTheory.Core.Parameters transitive imports (legacy)",
         "7f06df6c2988bd60"],
        ["SubstrateTheory.Core.Parameters:importAllArts", "4f597ce82f5db99d"],
        ["SubstrateTheory.Core.Axioms transitive imports (legacy)",
         "0c36369544298455"],
        ["SubstrateTheory.Core.Axioms:importAllArts", "92e6ed5510a3575d"],
        ["SubstrateTheory.Ideal.Complexity transitive imports (legacy)",
         "bfed084a199e2c0d"],
        ["SubstrateTheory.Ideal.Complexity:importAllArts", "b554fdccc68f1c32"],
        ["SubstrateTheory.Operational.Complexity transitive imports (legacy)",
         "18c8464502a36a96"],
        ["SubstrateTheory.Operational.Complexity:importAllArts",
         "da46e2b9bf0ae2fd"],
        ["Mathlib.Data.Finset.Basic transitive imports (legacy)",
         "f5ce86d9a1f78df2"],
        ["Mathlib.Data.Finset.Basic:importAllArts", "f01d4eea62196b65"],
        ["Mathlib.Data.Finset.Card transitive imports (legacy)",
         "83f4eb5243ca48a9"],
        ["Mathlib.Data.Finset.Card:importAllArts", "586b31ca30eb9dc7"]]]]],
    ["libs",
     [["import dynlibs", "00000000000006bb"],
      ["package external libraries", "00000000000006bb"],
      ["module dynlibs", "00000000000006bb"],
      ["module plugins", "00000000000006bb"]]]]],
  ["Lean 4.25.0, commit 744f98064b056ee27fc8c97f524797c8cc96f436",
   "4bbac11c6209e48b"],
  ["C:\\Users\\matts\\Documents\\GitHub\\Substrate\\Verification\\lean4\\SubstrateTheory\\SubstrateTheory\\Core\\Grounding.lean",
   "82a6b3bb222ba085"],
  ["options", "00000000000006bb"],
  ["Module.leanArgs: #[]", "00000000000006bb"]],
 "depHash": "f6e014f9278a61b3"}