{"synthetic": false,
 "schemaVersion": "2025-09-10",
 "outputs":
 {"o": ["e528f8084012287e.olean"],
  "i": "79de5a2e601827b4.ilean",
  "c": "ec0bbd33ffb46d8e.c"},
 "log":
 [{"message":
   ".> LEAN_PATH=C:\\Users\\matts\\Documents\\GitHub\\Substrate\\Verification\\lean4\\SubstrateTheory\\.lake\\packages\\Cli\\.lake\\build\\lib\\lean;C:\\Users\\matts\\Documents\\GitHub\\Substrate\\Verification\\lean4\\SubstrateTheory\\.lake\\packages\\batteries\\.lake\\build\\lib\\lean;C:\\Users\\matts\\Documents\\GitHub\\Substrate\\Verification\\lean4\\SubstrateTheory\\.lake\\packages\\Qq\\.lake\\build\\lib\\lean;C:\\Users\\matts\\Documents\\GitHub\\Substrate\\Verification\\lean4\\SubstrateTheory\\.lake\\packages\\aesop\\.lake\\build\\lib\\lean;C:\\Users\\matts\\Documents\\GitHub\\Substrate\\Verification\\lean4\\SubstrateTheory\\.lake\\packages\\proofwidgets\\.lake\\build\\lib\\lean;C:\\Users\\matts\\Documents\\GitHub\\Substrate\\Verification\\lean4\\SubstrateTheory\\.lake\\packages\\importGraph\\.lake\\build\\lib\\lean;C:\\Users\\matts\\Documents\\GitHub\\Substrate\\Verification\\lean4\\SubstrateTheory\\.lake\\packages\\LeanSearchClient\\.lake\\build\\lib\\lean;C:\\Users\\matts\\Documents\\GitHub\\Substrate\\Verification\\lean4\\SubstrateTheory\\.lake\\packages\\plausible\\.lake\\build\\lib\\lean;C:\\Users\\matts\\Documents\\GitHub\\Substrate\\Verification\\lean4\\SubstrateTheory\\.lake\\packages\\mathlib\\.lake\\build\\lib\\lean;C:\\Users\\matts\\Documents\\GitHub\\Substrate\\Verification\\lean4\\SubstrateTheory\\.lake\\build\\lib\\lean c:\\Users\\matts\\.elan\\toolchains\\leanprover--lean4---v4.25.0-rc2\\bin\\lean.exe C:\\Users\\matts\\Documents\\GitHub\\Substrate\\Verification\\lean4\\SubstrateTheory\\SubstrateTheory\\Operational\\KLZ\\Core.lean -o C:\\Users\\matts\\Documents\\GitHub\\Substrate\\Verification\\lean4\\SubstrateTheory\\.lake\\build\\lib\\lean\\SubstrateTheory\\Operational\\KLZ\\Core.olean -i C:\\Users\\matts\\Documents\\GitHub\\Substrate\\Verification\\lean4\\SubstrateTheory\\.lake\\build\\lib\\lean\\SubstrateTheory\\Operational\\KLZ\\Core.ilean -c C:\\Users\\matts\\Documents\\GitHub\\Substrate\\Verification\\lean4\\SubstrateTheory\\.lake\\build\\ir\\SubstrateTheory\\Operational\\KLZ\\Core.c --setup C:\\Users\\matts\\Documents\\GitHub\\Substrate\\Verification\\lean4\\SubstrateTheory\\.lake\\build\\ir\\SubstrateTheory\\Operational\\KLZ\\Core.setup.json --json",
   "level": "trace"}],
 "inputs":
 [["SubstrateTheory.Operational.KLZ.Core:deps",
   [["deps",
     [["SubstrateTheory/SubstrateTheory:extraDep",
       [["@SubstrateTheory:extraDep", "00000000000006bb"]]],
      ["imports",
       [["SubstrateTheory.Core.Types transitive imports (legacy)",
         "7d109f2ae402b4e6"],
        ["SubstrateTheory.Core.Types:importAllArts", "49943bae36da2dc9"],
        ["SubstrateTheory.Core.Parameters transitive imports (legacy)",
         "7f06df6c2988bd60"],
        ["SubstrateTheory.Core.Parameters:importAllArts", "4f597ce82f5db99d"],
        ["Mathlib.Data.Real.Basic transitive imports (legacy)",
         "14782b623b95e6ee"],
        ["Mathlib.Data.Real.Basic:importAllArts", "d94a8c86272d2e03"]]]]],
    ["libs",
     [["import dynlibs", "00000000000006bb"],
      ["package external libraries", "00000000000006bb"],
      ["module dynlibs", "00000000000006bb"],
      ["module plugins", "00000000000006bb"]]]]],
  ["Lean 4.25.0, commit 744f98064b056ee27fc8c97f524797c8cc96f436",
   "4bbac11c6209e48b"],
  ["C:\\Users\\matts\\Documents\\GitHub\\Substrate\\Verification\\lean4\\SubstrateTheory\\SubstrateTheory\\Operational\\KLZ\\Core.lean",
   "efcf65a76ebbb083"],
  ["options", "00000000000006bb"],
  ["Module.leanArgs: #[]", "00000000000006bb"]],
 "depHash": "a5c96de1eb97e8da"}