{"synthetic": false,
 "schemaVersion": "2025-09-10",
 "outputs":
 {"o": ["0104adca435af524.olean"],
  "i": "f88c2e154224a109.ilean",
  "c": "54f4dacc07debfb2.c"},
 "log":
 [{"message":
   ".> LEAN_PATH=C:\\Users\\matts\\Documents\\GitHub\\Substrate\\Verification\\lean4\\SubstrateTheory\\.lake\\packages\\Cli\\.lake\\build\\lib\\lean;C:\\Users\\matts\\Documents\\GitHub\\Substrate\\Verification\\lean4\\SubstrateTheory\\.lake\\packages\\batteries\\.lake\\build\\lib\\lean;C:\\Users\\matts\\Documents\\GitHub\\Substrate\\Verification\\lean4\\SubstrateTheory\\.lake\\packages\\Qq\\.lake\\build\\lib\\lean;C:\\Users\\matts\\Documents\\GitHub\\Substrate\\Verification\\lean4\\SubstrateTheory\\.lake\\packages\\aesop\\.lake\\build\\lib\\lean;C:\\Users\\matts\\Documents\\GitHub\\Substrate\\Verification\\lean4\\SubstrateTheory\\.lake\\packages\\proofwidgets\\.lake\\build\\lib\\lean;C:\\Users\\matts\\Documents\\GitHub\\Substrate\\Verification\\lean4\\SubstrateTheory\\.lake\\packages\\importGraph\\.lake\\build\\lib\\lean;C:\\Users\\matts\\Documents\\GitHub\\Substrate\\Verification\\lean4\\SubstrateTheory\\.lake\\packages\\LeanSearchClient\\.lake\\build\\lib\\lean;C:\\Users\\matts\\Documents\\GitHub\\Substrate\\Verification\\lean4\\SubstrateTheory\\.lake\\packages\\plausible\\.lake\\build\\lib\\lean;C:\\Users\\matts\\Documents\\GitHub\\Substrate\\Verification\\lean4\\SubstrateTheory\\.lake\\packages\\mathlib\\.lake\\build\\lib\\lean;C:\\Users\\matts\\Documents\\GitHub\\Substrate\\Verification\\lean4\\SubstrateTheory\\.lake\\build\\lib\\lean c:\\Users\\matts\\.elan\\toolchains\\leanprover--lean4---v4.25.0-rc2\\bin\\lean.exe C:\\Users\\matts\\Documents\\GitHub\\Substrate\\Verification\\lean4\\SubstrateTheory\\SubstrateTheory\\Operational\\KLZ\\TimeArrow.lean -o C:\\Users\\matts\\Documents\\GitHub\\Substrate\\Verification\\lean4\\SubstrateTheory\\.lake\\build\\lib\\lean\\SubstrateTheory\\Operational\\KLZ\\TimeArrow.olean -i C:\\Users\\matts\\Documents\\GitHub\\Substrate\\Verification\\lean4\\SubstrateTheory\\.lake\\build\\lib\\lean\\SubstrateTheory\\Operational\\KLZ\\TimeArrow.ilean -c C:\\Users\\matts\\Documents\\GitHub\\Substrate\\Verification\\lean4\\SubstrateTheory\\.lake\\build\\ir\\SubstrateTheory\\Operational\\KLZ\\TimeArrow.c --setup C:\\Users\\matts\\Documents\\GitHub\\Substrate\\Verification\\lean4\\SubstrateTheory\\.lake\\build\\ir\\SubstrateTheory\\Operational\\KLZ\\TimeArrow.setup.json --json",
   "level": "trace"}],
 "inputs":
 [["SubstrateTheory.Operational.KLZ.TimeArrow:deps",
   [["deps",
     [["SubstrateTheory/SubstrateTheory:extraDep",
       [["@SubstrateTheory:extraDep", "00000000000006bb"]]],
      ["imports",
       [["SubstrateTheory.Core.Types transitive imports (legacy)",
         "7d109f2ae402b4e6"],
        ["SubstrateTheory.Core.Types:importAllArts", "98fdf06af43affb4"],
        ["SubstrateTheory.Core.Parameters transitive imports (legacy)",
         "16553c67c895e32c"],
        ["SubstrateTheory.Core.Parameters:importAllArts", "d9a2a8334c3864c3"],
        ["SubstrateTheory.Operational.KLZ.Core transitive imports (legacy)",
         "3957d8c74591a047"],
        ["SubstrateTheory.Operational.KLZ.Core:importAllArts",
         "1d5b7b739d51a271"]]]]],
    ["libs",
     [["import dynlibs", "00000000000006bb"],
      ["package external libraries", "00000000000006bb"],
      ["module dynlibs", "00000000000006bb"],
      ["module plugins", "00000000000006bb"]]]]],
  ["Lean 4.25.0, commit 744f98064b056ee27fc8c97f524797c8cc96f436",
   "4bbac11c6209e48b"],
  ["C:\\Users\\matts\\Documents\\GitHub\\Substrate\\Verification\\lean4\\SubstrateTheory\\SubstrateTheory\\Operational\\KLZ\\TimeArrow.lean",
   "6e80b85fb6f3e7a8"],
  ["options", "00000000000006bb"],
  ["Module.leanArgs: #[]", "00000000000006bb"]],
 "depHash": "f2b84b62c9f44542"}