{"synthetic": false,
 "schemaVersion": "2025-09-10",
 "outputs":
 {"o": ["ab6e35db3d3d8814.olean"],
  "i": "20d990847c45750e.ilean",
  "c": "6f8555f0bb01d364.c"},
 "log":
 [{"message":
   ".> LEAN_PATH=C:\\Users\\matts\\Documents\\GitHub\\Substrate\\Verification\\lean4\\SubstrateTheory\\.lake\\packages\\Cli\\.lake\\build\\lib\\lean;C:\\Users\\matts\\Documents\\GitHub\\Substrate\\Verification\\lean4\\SubstrateTheory\\.lake\\packages\\batteries\\.lake\\build\\lib\\lean;C:\\Users\\matts\\Documents\\GitHub\\Substrate\\Verification\\lean4\\SubstrateTheory\\.lake\\packages\\Qq\\.lake\\build\\lib\\lean;C:\\Users\\matts\\Documents\\GitHub\\Substrate\\Verification\\lean4\\SubstrateTheory\\.lake\\packages\\aesop\\.lake\\build\\lib\\lean;C:\\Users\\matts\\Documents\\GitHub\\Substrate\\Verification\\lean4\\SubstrateTheory\\.lake\\packages\\proofwidgets\\.lake\\build\\lib\\lean;C:\\Users\\matts\\Documents\\GitHub\\Substrate\\Verification\\lean4\\SubstrateTheory\\.lake\\packages\\importGraph\\.lake\\build\\lib\\lean;C:\\Users\\matts\\Documents\\GitHub\\Substrate\\Verification\\lean4\\SubstrateTheory\\.lake\\packages\\LeanSearchClient\\.lake\\build\\lib\\lean;C:\\Users\\matts\\Documents\\GitHub\\Substrate\\Verification\\lean4\\SubstrateTheory\\.lake\\packages\\plausible\\.lake\\build\\lib\\lean;C:\\Users\\matts\\Documents\\GitHub\\Substrate\\Verification\\lean4\\SubstrateTheory\\.lake\\packages\\mathlib\\.lake\\build\\lib\\lean;C:\\Users\\matts\\Documents\\GitHub\\Substrate\\Verification\\lean4\\SubstrateTheory\\.lake\\build\\lib\\lean c:\\Users\\matts\\.elan\\toolchains\\leanprover--lean4---v4.25.0-rc2\\bin\\lean.exe C:\\Users\\matts\\Documents\\GitHub\\Substrate\\Verification\\lean4\\SubstrateTheory\\SubstrateTheory\\Error\\Bounds.lean -o C:\\Users\\matts\\Documents\\GitHub\\Substrate\\Verification\\lean4\\SubstrateTheory\\.lake\\build\\lib\\lean\\SubstrateTheory\\Error\\Bounds.olean -i C:\\Users\\matts\\Documents\\GitHub\\Substrate\\Verification\\lean4\\SubstrateTheory\\.lake\\build\\lib\\lean\\SubstrateTheory\\Error\\Bounds.ilean -c C:\\Users\\matts\\Documents\\GitHub\\Substrate\\Verification\\lean4\\SubstrateTheory\\.lake\\build\\ir\\SubstrateTheory\\Error\\Bounds.c --setup C:\\Users\\matts\\Documents\\GitHub\\Substrate\\Verification\\lean4\\SubstrateTheory\\.lake\\build\\ir\\SubstrateTheory\\Error\\Bounds.setup.json --json",
   "level": "trace"}],
 "inputs":
 [["SubstrateTheory.Error.Bounds:deps",
   [["deps",
     [["SubstrateTheory/SubstrateTheory:extraDep",
       [["@SubstrateTheory:extraDep", "00000000000006bb"]]],
      ["imports",
       [["SubstrateTheory.Ideal.Complexity transitive imports (legacy)",
         "bfed084a199e2c0d"],
        ["SubstrateTheory.Ideal.Complexity:importAllArts", "b554fdccc68f1c32"],
        ["SubstrateTheory.Operational.Complexity transitive imports (legacy)",
         "18c8464502a36a96"],
        ["SubstrateTheory.Operational.Complexity:importAllArts",
         "da46e2b9bf0ae2fd"],
        ["Mathlib.Data.Real.Basic transitive imports (legacy)",
         "14782b623b95e6ee"],
        ["Mathlib.Data.Real.Basic:importAllArts", "d94a8c86272d2e03"]]]]],
    ["libs",
     [["import dynlibs", "00000000000006bb"],
      ["package external libraries", "00000000000006bb"],
      ["module dynlibs", "00000000000006bb"],
      ["module plugins", "00000000000006bb"]]]]],
  ["Lean 4.25.0, commit 744f98064b056ee27fc8c97f524797c8cc96f436",
   "4bbac11c6209e48b"],
  ["C:\\Users\\matts\\Documents\\GitHub\\Substrate\\Verification\\lean4\\SubstrateTheory\\SubstrateTheory\\Error\\Bounds.lean",
   "8f86a3eb70cedf3d"],
  ["options", "00000000000006bb"],
  ["Module.leanArgs: #[]", "00000000000006bb"]],
 "depHash": "06767e4e34e780c7"}